<?xml version="1.0" encoding="UTF-8"?>
<!-- Generated by org.testng.reporters.JUnitReportReporter -->
<testsuite hostname="LAPTOP-U69A4VMC" failures="0" tests="1" name="TestScript.InvalidLoginPage" time="12.253" errors="0" timestamp="08 Aug 2024 17:32:18 GMT" skipped="0">
  <testcase classname="TestScript.InvalidLoginPage" name="InvalidLogin" time="12.253"/>
</testsuite> <!-- TestScript.InvalidLoginPage -->
