<?xml version="1.0" encoding="UTF-8"?>
<!-- Generated by org.testng.reporters.JUnitReportReporter -->
<testsuite hostname="LAPTOP-U69A4VMC" failures="0" tests="1" name="TestScript.AddNewEmployePage" time="11.679" errors="0" timestamp="08 Aug 2024 17:31:50 GMT" skipped="0">
  <testcase classname="TestScript.AddNewEmployePage" name="AddEmploye" time="11.679"/>
</testsuite> <!-- TestScript.AddNewEmployePage -->
