<?xml version="1.0" encoding="UTF-8"?>
<!-- Generated by org.testng.reporters.JUnitReportReporter -->
<testsuite hostname="LAPTOP-U69A4VMC" failures="0" tests="1" name="TestScript.ValidLoginPage" time="0.620" errors="0" timestamp="06 Aug 2024 18:44:24 GMT" skipped="0">
  <testcase classname="TestScript.ValidLoginPage" name="login" time="0.620"/>
</testsuite> <!-- TestScript.ValidLoginPage -->
